<?xml version="1.0" encoding="UTF-8"?>
<!--
  Copyright 2015-2023 Sergey Karpushin
  
  Licensed under the Apache License, Version 2.0 (the "License"); you may not
  use this file except in compliance with the License.  You may obtain a copy
  of the License at
  
    http://www.apache.org/licenses/LICENSE-2.0
  
  Unless required by applicable law or agreed to in writing, software
  distributed under the License is distributed on an "AS IS" BASIS, WITHOUT
  WARRANTIES OR CONDITIONS OF ANY KIND, either express or implied.  See the
  License for the specific language governing permissions and limitations under
  the License.
-->
<beans xmlns="http://www.springframework.org/schema/beans" xmlns:xsi="http://www.w3.org/2001/XMLSchema-instance" xmlns:context="http://www.springframework.org/schema/context"
	xmlns:cache="http://www.springframework.org/schema/cache" xmlns:p="http://www.springframework.org/schema/p" xmlns:tx="http://www.springframework.org/schema/tx"
	xmlns:aop="http://www.springframework.org/schema/aop" xmlns:jdbc="http://www.springframework.org/schema/jdbc" xmlns:util="http://www.springframework.org/schema/util"
	xsi:schemaLocation="
		http://www.springframework.org/schema/beans
		http://www.springframework.org/schema/beans/spring-beans.xsd
		http://www.springframework.org/schema/context 
		http://www.springframework.org/schema/context/spring-context.xsd
		http://www.springframework.org/schema/cache 
		http://www.springframework.org/schema/cache/spring-cache.xsd
		http://www.springframework.org/schema/tx
        http://www.springframework.org/schema/tx/spring-tx.xsd
        http://www.springframework.org/schema/aop
        http://www.springframework.org/schema/aop/spring-aop.xsd
	    http://www.springframework.org/schema/util 
	    http://www.springframework.org/schema/util/spring-util.xsd
        http://www.springframework.org/schema/jdbc 
        http://www.springframework.org/schema/jdbc/spring-mysql.xsd">

	<context:annotation-config />

	<beans profile="default">
		<bean id="dataSource" class="org.springframework.jdbc.datasource.SimpleDriverDataSource" p:driverClass="${mysql.driverClassName}"
			p:username="${mysql.username}" p:password="${mysql.password}" p:url="${mysql.databaseurl}" />
	</beans>

	<!-- NOTE: In order to activate this profile add this to command line: -Dspring.profiles.active=postgres -->
	<beans profile="postgres">
		<bean id="dataSource" class="org.springframework.jdbc.datasource.SimpleDriverDataSource" p:driverClass="${postgres.driverClassName}"
			p:username="${postgres.username}" p:password="${postgres.password}" p:url="${postgres.databaseurl}" />

		<bean class="org.summerb.easycrud.impl.postgres.QueryToNativeSqlCompilerPostgresImpl" />
		<bean class="org.summerb.easycrud.impl.postgres.DaoExceptionToFveTranslatorPostgresImpl" />
	</beans>

</beans>
